Determining if the function wsyncup exists in the /usr/lib/x86_64-linux-gnu/libcurses.so passed with the following output:
Change Dir: /home/ewjung/space/cmake/cmake-3.18.4/Source/Checks/Curses-build/CMakeFiles/CMakeTmp

Run Build Command(s):/usr/bin/make cmTC_862fd/fast && make  -f CMakeFiles/cmTC_862fd.dir/build.make CMakeFiles/cmTC_862fd.dir/build
make[1]: 디렉터리 '/media/ewjung/f6813a7e-ee48-4924-8e7d-d3641b6cc72d/ew_space/cmake/cmake-3.18.4/Source/Checks/Curses-build/CMakeFiles/CMakeTmp' 들어감
Building C object CMakeFiles/cmTC_862fd.dir/CheckFunctionExists.c.o
/usr/bin/gcc   -DCHECK_FUNCTION_EXISTS=wsyncup -o CMakeFiles/cmTC_862fd.dir/CheckFunctionExists.c.o -c /home/ewjung/space/cmake/cmake-3.18.4/Modules/CheckFunctionExists.c
Linking C executable cmTC_862fd
/media/ewjung/f6813a7e-ee48-4924-8e7d-d3641b6cc72d/ew_space/cmake/cmake-3.18.4/Bootstrap.cmk/cmake -E cmake_link_script CMakeFiles/cmTC_862fd.dir/link.txt --verbose=1
/usr/bin/gcc  -DCHECK_FUNCTION_EXISTS=wsyncup -rdynamic CMakeFiles/cmTC_862fd.dir/CheckFunctionExists.c.o -o cmTC_862fd  -lcurses 
make[1]: 디렉터리 '/media/ewjung/f6813a7e-ee48-4924-8e7d-d3641b6cc72d/ew_space/cmake/cmake-3.18.4/Source/Checks/Curses-build/CMakeFiles/CMakeTmp' 나감



Determining if the function cbreak exists in the /usr/lib/x86_64-linux-gnu/libncurses.so passed with the following output:
Change Dir: /home/ewjung/space/cmake/cmake-3.18.4/Source/Checks/Curses-build/CMakeFiles/CMakeTmp

Run Build Command(s):/usr/bin/make cmTC_1633a/fast && make  -f CMakeFiles/cmTC_1633a.dir/build.make CMakeFiles/cmTC_1633a.dir/build
make[1]: 디렉터리 '/media/ewjung/f6813a7e-ee48-4924-8e7d-d3641b6cc72d/ew_space/cmake/cmake-3.18.4/Source/Checks/Curses-build/CMakeFiles/CMakeTmp' 들어감
Building C object CMakeFiles/cmTC_1633a.dir/CheckFunctionExists.c.o
/usr/bin/gcc   -DCHECK_FUNCTION_EXISTS=cbreak -o CMakeFiles/cmTC_1633a.dir/CheckFunctionExists.c.o -c /home/ewjung/space/cmake/cmake-3.18.4/Modules/CheckFunctionExists.c
Linking C executable cmTC_1633a
/media/ewjung/f6813a7e-ee48-4924-8e7d-d3641b6cc72d/ew_space/cmake/cmake-3.18.4/Bootstrap.cmk/cmake -E cmake_link_script CMakeFiles/cmTC_1633a.dir/link.txt --verbose=1
/usr/bin/gcc  -DCHECK_FUNCTION_EXISTS=cbreak -rdynamic CMakeFiles/cmTC_1633a.dir/CheckFunctionExists.c.o -o cmTC_1633a  -lncurses 
make[1]: 디렉터리 '/media/ewjung/f6813a7e-ee48-4924-8e7d-d3641b6cc72d/ew_space/cmake/cmake-3.18.4/Source/Checks/Curses-build/CMakeFiles/CMakeTmp' 나감



